<?xml version="1.0" encoding="UTF-8"?>
<coverage generated="1647475492025" clover="3.2.0">
  <project timestamp="1647475492025" name="All files">
    <metrics statements="89" coveredstatements="88" conditionals="63" coveredconditionals="61" methods="9" coveredmethods="9" elements="161" coveredelements="158" complexity="0" loc="89" ncloc="89" packages="1" files="1" classes="1"/>
    <file name="astar.js" path="/Users/samuelbarrett/Documents/seng371/BrowserQuest/client/js/lib/tests/astar.js">
      <metrics statements="89" coveredstatements="88" conditionals="63" coveredconditionals="61" methods="9" coveredmethods="9"/>
      <line num="2" count="1" type="stmt"/>
      <line num="10" count="87" type="cond" truecount="2" falsecount="0"/>
      <line num="11" count="70" type="cond" truecount="3" falsecount="0"/>
      <line num="12" count="70" type="cond" truecount="3" falsecount="0"/>
      <line num="14" count="87" type="cond" truecount="2" falsecount="0"/>
      <line num="15" count="71" type="cond" truecount="3" falsecount="0"/>
      <line num="16" count="71" type="cond" truecount="3" falsecount="0"/>
      <line num="18" count="87" type="stmt"/>
      <line num="22" count="31" type="stmt"/>
      <line num="23" count="31" type="stmt"/>
      <line num="24" count="31" type="stmt"/>
      <line num="25" count="31" type="stmt"/>
      <line num="26" count="31" type="cond" truecount="1" falsecount="1"/>
      <line num="27" count="31" type="cond" truecount="3" falsecount="0"/>
      <line num="28" count="31" type="cond" truecount="3" falsecount="0"/>
      <line num="30" count="31" type="cond" truecount="2" falsecount="0"/>
      <line num="31" count="27" type="cond" truecount="3" falsecount="0"/>
      <line num="32" count="27" type="cond" truecount="3" falsecount="0"/>
      <line num="34" count="31" type="stmt"/>
      <line num="38" count="187" type="stmt"/>
      <line num="43" count="305" type="stmt"/>
      <line num="44" count="305" type="stmt"/>
      <line num="45" count="305" type="stmt"/>
      <line num="46" count="305" type="stmt"/>
      <line num="47" count="305" type="cond" truecount="2" falsecount="0"/>
      <line num="48" count="305" type="cond" truecount="2" falsecount="0"/>
      <line num="49" count="305" type="cond" truecount="2" falsecount="0"/>
      <line num="50" count="305" type="cond" truecount="2" falsecount="0"/>
      <line num="51" count="305" type="stmt"/>
      <line num="52" count="305" type="stmt"/>
      <line num="54" count="305" type="cond" truecount="2" falsecount="0"/>
      <line num="55" count="305" type="cond" truecount="2" falsecount="0"/>
      <line num="56" count="305" type="cond" truecount="2" falsecount="0"/>
      <line num="57" count="305" type="cond" truecount="2" falsecount="0"/>
      <line num="58" count="305" type="stmt"/>
      <line num="62" count="354" type="stmt"/>
      <line num="67" count="288" type="stmt"/>
      <line num="68" count="288" type="stmt"/>
      <line num="70" count="288" type="stmt"/>
      <line num="74" count="380" type="stmt"/>
      <line num="79" count="9" type="stmt"/>
      <line num="80" count="9" type="stmt"/>
      <line num="81" count="9" type="stmt"/>
      <line num="82" count="9" type="stmt"/>
      <line num="83" count="9" type="stmt"/>
      <line num="84" count="9" type="stmt"/>
      <line num="85" count="9" type="stmt"/>
      <line num="86" count="9" type="stmt"/>
      <line num="87" count="9" type="stmt"/>
      <line num="90" count="9" type="stmt"/>
      <line num="91" count="9" type="cond" truecount="5" falsecount="0"/>
      <line num="93" count="2" type="stmt"/>
      <line num="95" count="4" type="stmt"/>
      <line num="96" count="4" type="stmt"/>
      <line num="98" count="2" type="stmt"/>
      <line num="100" count="3" type="stmt"/>
      <line num="101" count="3" type="stmt"/>
      <line num="102" count="3" type="stmt"/>
      <line num="104" count="2" type="stmt"/>
      <line num="105" count="2" type="stmt"/>
      <line num="106" count="2" type="stmt"/>
      <line num="108" count="9" type="cond" truecount="2" falsecount="0"/>
      <line num="109" count="9" type="stmt"/>
      <line num="110" count="314" type="stmt"/>
      <line num="111" count="314" type="stmt"/>
      <line num="112" count="314" type="stmt"/>
      <line num="113" count="3256" type="cond" truecount="2" falsecount="0"/>
      <line num="114" count="630" type="stmt"/>
      <line num="115" count="630" type="stmt"/>
      <line num="118" count="314" type="stmt"/>
      <line num="119" count="314" type="cond" truecount="2" falsecount="0"/>
      <line num="120" count="305" type="stmt"/>
      <line num="121" count="305" type="stmt"/>
      <line num="122" count="305" type="stmt"/>
      <line num="123" count="1308" type="stmt"/>
      <line num="124" count="1308" type="stmt"/>
      <line num="125" count="1308" type="stmt"/>
      <line num="126" count="1308" type="cond" truecount="2" falsecount="0"/>
      <line num="127" count="511" type="stmt"/>
      <line num="128" count="511" type="stmt"/>
      <line num="129" count="511" type="stmt"/>
      <line num="133" count="9" type="stmt"/>
      <line num="134" count="9" type="stmt"/>
      <line num="135" count="115" type="stmt"/>
      <line num="137" count="9" type="stmt"/>
      <line num="140" count="9" type="stmt"/>
      <line num="143" count="1" type="cond" truecount="1" falsecount="1"/>
      <line num="144" count="1" type="stmt"/>
      <line num="146" count="0" type="stmt"/>
    </file>
  </project>
</coverage>
