{"/Users/samuelbarrett/Documents/seng371/BrowserQuest/client/js/lib/tests/astar.js": {"path":"/Users/samuelbarrett/Documents/seng371/BrowserQuest/client/js/lib/tests/astar.js","statementMap":{"0":{"start":{"line":2,"column":0},"end":{"line":149,"column":5}},"1":{"start":{"line":10,"column":8},"end":{"line":13,"column":9}},"2":{"start":{"line":11,"column":12},"end":{"line":11,"column":60}},"3":{"start":{"line":12,"column":12},"end":{"line":12,"column":60}},"4":{"start":{"line":14,"column":8},"end":{"line":17,"column":9}},"5":{"start":{"line":15,"column":12},"end":{"line":15,"column":60}},"6":{"start":{"line":16,"column":12},"end":{"line":16,"column":60}},"7":{"start":{"line":18,"column":8},"end":{"line":18,"column":22}},"8":{"start":{"line":22,"column":8},"end":{"line":22,"column":20}},"9":{"start":{"line":23,"column":8},"end":{"line":23,"column":22}},"10":{"start":{"line":24,"column":8},"end":{"line":24,"column":22}},"11":{"start":{"line":25,"column":8},"end":{"line":25,"column":20}},"12":{"start":{"line":26,"column":8},"end":{"line":29,"column":9}},"13":{"start":{"line":27,"column":12},"end":{"line":27,"column":60}},"14":{"start":{"line":28,"column":12},"end":{"line":28,"column":60}},"15":{"start":{"line":30,"column":8},"end":{"line":33,"column":9}},"16":{"start":{"line":31,"column":12},"end":{"line":31,"column":60}},"17":{"start":{"line":32,"column":12},"end":{"line":32,"column":60}},"18":{"start":{"line":34,"column":8},"end":{"line":34,"column":22}},"19":{"start":{"line":38,"column":8},"end":{"line":38,"column":22}},"20":{"start":{"line":43,"column":16},"end":{"line":43,"column":21}},"21":{"start":{"line":44,"column":16},"end":{"line":44,"column":21}},"22":{"start":{"line":45,"column":16},"end":{"line":45,"column":21}},"23":{"start":{"line":46,"column":16},"end":{"line":46,"column":21}},"24":{"start":{"line":47,"column":17},"end":{"line":47,"column":38}},"25":{"start":{"line":48,"column":17},"end":{"line":48,"column":40}},"26":{"start":{"line":49,"column":17},"end":{"line":49,"column":40}},"27":{"start":{"line":50,"column":17},"end":{"line":50,"column":38}},"28":{"start":{"line":51,"column":21},"end":{"line":51,"column":23}},"29":{"start":{"line":52,"column":16},"end":{"line":52,"column":17}},"30":{"start":{"line":54,"column":8},"end":{"line":54,"column":41}},"31":{"start":{"line":55,"column":8},"end":{"line":55,"column":41}},"32":{"start":{"line":56,"column":8},"end":{"line":56,"column":41}},"33":{"start":{"line":57,"column":8},"end":{"line":57,"column":41}},"34":{"start":{"line":58,"column":8},"end":{"line":58,"column":77}},"35":{"start":{"line":62,"column":8},"end":{"line":62,"column":60}},"36":{"start":{"line":67,"column":16},"end":{"line":67,"column":31}},"37":{"start":{"line":68,"column":16},"end":{"line":68,"column":31}},"38":{"start":{"line":70,"column":8},"end":{"line":70,"column":33}},"39":{"start":{"line":74,"column":8},"end":{"line":74,"column":57}},"40":{"start":{"line":79,"column":19},"end":{"line":79,"column":33}},"41":{"start":{"line":80,"column":19},"end":{"line":80,"column":30}},"42":{"start":{"line":81,"column":20},"end":{"line":81,"column":31}},"43":{"start":{"line":82,"column":17},"end":{"line":82,"column":25}},"44":{"start":{"line":83,"column":17},"end":{"line":83,"column":25}},"45":{"start":{"line":84,"column":19},"end":{"line":84,"column":21}},"46":{"start":{"line":85,"column":21},"end":{"line":85,"column":23}},"47":{"start":{"line":86,"column":19},"end":{"line":86,"column":81}},"48":{"start":{"line":87,"column":21},"end":{"line":87,"column":22}},"49":{"start":{"line":90,"column":8},"end":{"line":90,"column":57}},"50":{"start":{"line":91,"column":8},"end":{"line":107,"column":9}},"51":{"start":{"line":93,"column":16},"end":{"line":93,"column":42}},"52":{"start":{"line":95,"column":16},"end":{"line":95,"column":36}},"53":{"start":{"line":96,"column":16},"end":{"line":96,"column":22}},"54":{"start":{"line":98,"column":16},"end":{"line":98,"column":42}},"55":{"start":{"line":100,"column":16},"end":{"line":100,"column":31}},"56":{"start":{"line":101,"column":16},"end":{"line":101,"column":37}},"57":{"start":{"line":102,"column":16},"end":{"line":102,"column":22}},"58":{"start":{"line":104,"column":16},"end":{"line":104,"column":37}},"59":{"start":{"line":105,"column":16},"end":{"line":105,"column":35}},"60":{"start":{"line":106,"column":16},"end":{"line":106,"column":22}},"61":{"start":{"line":108,"column":8},"end":{"line":108,"column":48}},"62":{"start":{"line":109,"column":8},"end":{"line":139,"column":25}},"63":{"start":{"line":110,"column":12},"end":{"line":110,"column":24}},"64":{"start":{"line":111,"column":12},"end":{"line":111,"column":20}},"65":{"start":{"line":112,"column":12},"end":{"line":117,"column":13}},"66":{"start":{"line":113,"column":16},"end":{"line":116,"column":17}},"67":{"start":{"line":114,"column":20},"end":{"line":114,"column":28}},"68":{"start":{"line":115,"column":20},"end":{"line":115,"column":28}},"69":{"start":{"line":118,"column":12},"end":{"line":118,"column":45}},"70":{"start":{"line":119,"column":12},"end":{"line":138,"column":13}},"71":{"start":{"line":120,"column":16},"end":{"line":120,"column":25}},"72":{"start":{"line":121,"column":16},"end":{"line":121,"column":80}},"73":{"start":{"line":122,"column":16},"end":{"line":131,"column":17}},"74":{"start":{"line":123,"column":20},"end":{"line":123,"column":48}},"75":{"start":{"line":124,"column":20},"end":{"line":124,"column":38}},"76":{"start":{"line":125,"column":20},"end":{"line":125,"column":49}},"77":{"start":{"line":126,"column":20},"end":{"line":130,"column":21}},"78":{"start":{"line":127,"column":24},"end":{"line":127,"column":114}},"79":{"start":{"line":128,"column":24},"end":{"line":128,"column":45}},"80":{"start":{"line":129,"column":24},"end":{"line":129,"column":40}},"81":{"start":{"line":133,"column":16},"end":{"line":133,"column":31}},"82":{"start":{"line":134,"column":16},"end":{"line":136,"column":46}},"83":{"start":{"line":135,"column":20},"end":{"line":135,"column":57}},"84":{"start":{"line":137,"column":16},"end":{"line":137,"column":33}},"85":{"start":{"line":140,"column":8},"end":{"line":140,"column":22}},"86":{"start":{"line":143,"column":4},"end":{"line":147,"column":5}},"87":{"start":{"line":144,"column":8},"end":{"line":144,"column":30}},"88":{"start":{"line":146,"column":8},"end":{"line":146,"column":29}}},"fnMap":{"0":{"name":"(anonymous_0)","decl":{"start":{"line":2,"column":1},"end":{"line":2,"column":2}},"loc":{"start":{"line":2,"column":21},"end":{"line":149,"column":1}},"line":2},"1":{"name":"diagonalSuccessors","decl":{"start":{"line":9,"column":13},"end":{"line":9,"column":31}},"loc":{"start":{"line":9,"column":89},"end":{"line":19,"column":5}},"line":9},"2":{"name":"diagonalSuccessorsFree","decl":{"start":{"line":21,"column":13},"end":{"line":21,"column":35}},"loc":{"start":{"line":21,"column":93},"end":{"line":35,"column":5}},"line":21},"3":{"name":"nothingToDo","decl":{"start":{"line":37,"column":13},"end":{"line":37,"column":24}},"loc":{"start":{"line":37,"column":82},"end":{"line":39,"column":5}},"line":37},"4":{"name":"successors","decl":{"start":{"line":41,"column":13},"end":{"line":41,"column":23}},"loc":{"start":{"line":41,"column":53},"end":{"line":59,"column":5}},"line":41},"5":{"name":"diagonal","decl":{"start":{"line":61,"column":13},"end":{"line":61,"column":21}},"loc":{"start":{"line":61,"column":42},"end":{"line":63,"column":5}},"line":61},"6":{"name":"euclidean","decl":{"start":{"line":65,"column":13},"end":{"line":65,"column":22}},"loc":{"start":{"line":65,"column":43},"end":{"line":71,"column":5}},"line":65},"7":{"name":"manhattan","decl":{"start":{"line":73,"column":13},"end":{"line":73,"column":22}},"loc":{"start":{"line":73,"column":43},"end":{"line":75,"column":5}},"line":73},"8":{"name":"AStar","decl":{"start":{"line":77,"column":13},"end":{"line":77,"column":18}},"loc":{"start":{"line":77,"column":40},"end":{"line":141,"column":5}},"line":77}},"branchMap":{"0":{"loc":{"start":{"line":10,"column":8},"end":{"line":13,"column":9}},"type":"if","locations":[{"start":{"line":10,"column":8},"end":{"line":13,"column":9}},{"start":{},"end":{}}],"line":10},"1":{"loc":{"start":{"line":11,"column":12},"end":{"line":11,"column":59}},"type":"binary-expr","locations":[{"start":{"line":11,"column":12},"end":{"line":11,"column":14}},{"start":{"line":11,"column":18},"end":{"line":11,"column":29}},{"start":{"line":11,"column":34},"end":{"line":11,"column":58}}],"line":11},"2":{"loc":{"start":{"line":12,"column":12},"end":{"line":12,"column":59}},"type":"binary-expr","locations":[{"start":{"line":12,"column":12},"end":{"line":12,"column":14}},{"start":{"line":12,"column":18},"end":{"line":12,"column":29}},{"start":{"line":12,"column":34},"end":{"line":12,"column":58}}],"line":12},"3":{"loc":{"start":{"line":14,"column":8},"end":{"line":17,"column":9}},"type":"if","locations":[{"start":{"line":14,"column":8},"end":{"line":17,"column":9}},{"start":{},"end":{}}],"line":14},"4":{"loc":{"start":{"line":15,"column":12},"end":{"line":15,"column":59}},"type":"binary-expr","locations":[{"start":{"line":15,"column":12},"end":{"line":15,"column":14}},{"start":{"line":15,"column":18},"end":{"line":15,"column":29}},{"start":{"line":15,"column":34},"end":{"line":15,"column":58}}],"line":15},"5":{"loc":{"start":{"line":16,"column":12},"end":{"line":16,"column":59}},"type":"binary-expr","locations":[{"start":{"line":16,"column":12},"end":{"line":16,"column":14}},{"start":{"line":16,"column":18},"end":{"line":16,"column":29}},{"start":{"line":16,"column":34},"end":{"line":16,"column":58}}],"line":16},"6":{"loc":{"start":{"line":26,"column":8},"end":{"line":29,"column":9}},"type":"if","locations":[{"start":{"line":26,"column":8},"end":{"line":29,"column":9}},{"start":{},"end":{}}],"line":26},"7":{"loc":{"start":{"line":27,"column":12},"end":{"line":27,"column":59}},"type":"binary-expr","locations":[{"start":{"line":27,"column":12},"end":{"line":27,"column":14}},{"start":{"line":27,"column":18},"end":{"line":27,"column":29}},{"start":{"line":27,"column":34},"end":{"line":27,"column":58}}],"line":27},"8":{"loc":{"start":{"line":28,"column":12},"end":{"line":28,"column":59}},"type":"binary-expr","locations":[{"start":{"line":28,"column":12},"end":{"line":28,"column":14}},{"start":{"line":28,"column":18},"end":{"line":28,"column":29}},{"start":{"line":28,"column":34},"end":{"line":28,"column":58}}],"line":28},"9":{"loc":{"start":{"line":30,"column":8},"end":{"line":33,"column":9}},"type":"if","locations":[{"start":{"line":30,"column":8},"end":{"line":33,"column":9}},{"start":{},"end":{}}],"line":30},"10":{"loc":{"start":{"line":31,"column":12},"end":{"line":31,"column":59}},"type":"binary-expr","locations":[{"start":{"line":31,"column":12},"end":{"line":31,"column":14}},{"start":{"line":31,"column":18},"end":{"line":31,"column":29}},{"start":{"line":31,"column":34},"end":{"line":31,"column":58}}],"line":31},"11":{"loc":{"start":{"line":32,"column":12},"end":{"line":32,"column":59}},"type":"binary-expr","locations":[{"start":{"line":32,"column":12},"end":{"line":32,"column":14}},{"start":{"line":32,"column":18},"end":{"line":32,"column":29}},{"start":{"line":32,"column":34},"end":{"line":32,"column":58}}],"line":32},"12":{"loc":{"start":{"line":47,"column":17},"end":{"line":47,"column":38}},"type":"binary-expr","locations":[{"start":{"line":47,"column":17},"end":{"line":47,"column":23}},{"start":{"line":47,"column":27},"end":{"line":47,"column":38}}],"line":47},"13":{"loc":{"start":{"line":48,"column":17},"end":{"line":48,"column":40}},"type":"binary-expr","locations":[{"start":{"line":48,"column":17},"end":{"line":48,"column":25}},{"start":{"line":48,"column":29},"end":{"line":48,"column":40}}],"line":48},"14":{"loc":{"start":{"line":49,"column":17},"end":{"line":49,"column":40}},"type":"binary-expr","locations":[{"start":{"line":49,"column":17},"end":{"line":49,"column":25}},{"start":{"line":49,"column":29},"end":{"line":49,"column":40}}],"line":49},"15":{"loc":{"start":{"line":50,"column":17},"end":{"line":50,"column":38}},"type":"binary-expr","locations":[{"start":{"line":50,"column":17},"end":{"line":50,"column":23}},{"start":{"line":50,"column":27},"end":{"line":50,"column":38}}],"line":50},"16":{"loc":{"start":{"line":54,"column":8},"end":{"line":54,"column":40}},"type":"binary-expr","locations":[{"start":{"line":54,"column":8},"end":{"line":54,"column":10}},{"start":{"line":54,"column":15},"end":{"line":54,"column":39}}],"line":54},"17":{"loc":{"start":{"line":55,"column":8},"end":{"line":55,"column":40}},"type":"binary-expr","locations":[{"start":{"line":55,"column":8},"end":{"line":55,"column":10}},{"start":{"line":55,"column":15},"end":{"line":55,"column":39}}],"line":55},"18":{"loc":{"start":{"line":56,"column":8},"end":{"line":56,"column":40}},"type":"binary-expr","locations":[{"start":{"line":56,"column":8},"end":{"line":56,"column":10}},{"start":{"line":56,"column":15},"end":{"line":56,"column":39}}],"line":56},"19":{"loc":{"start":{"line":57,"column":8},"end":{"line":57,"column":40}},"type":"binary-expr","locations":[{"start":{"line":57,"column":8},"end":{"line":57,"column":10}},{"start":{"line":57,"column":15},"end":{"line":57,"column":39}}],"line":57},"20":{"loc":{"start":{"line":91,"column":8},"end":{"line":107,"column":9}},"type":"switch","locations":[{"start":{"line":92,"column":12},"end":{"line":93,"column":42}},{"start":{"line":94,"column":12},"end":{"line":96,"column":22}},{"start":{"line":97,"column":12},"end":{"line":98,"column":42}},{"start":{"line":99,"column":12},"end":{"line":102,"column":22}},{"start":{"line":103,"column":12},"end":{"line":106,"column":22}}],"line":91},"21":{"loc":{"start":{"line":108,"column":8},"end":{"line":108,"column":47}},"type":"binary-expr","locations":[{"start":{"line":108,"column":8},"end":{"line":108,"column":12}},{"start":{"line":108,"column":17},"end":{"line":108,"column":46}}],"line":108},"22":{"loc":{"start":{"line":113,"column":16},"end":{"line":116,"column":17}},"type":"if","locations":[{"start":{"line":113,"column":16},"end":{"line":116,"column":17}},{"start":{},"end":{}}],"line":113},"23":{"loc":{"start":{"line":119,"column":12},"end":{"line":138,"column":13}},"type":"if","locations":[{"start":{"line":119,"column":12},"end":{"line":138,"column":13}},{"start":{"line":132,"column":19},"end":{"line":138,"column":13}}],"line":119},"24":{"loc":{"start":{"line":126,"column":20},"end":{"line":130,"column":21}},"type":"if","locations":[{"start":{"line":126,"column":20},"end":{"line":130,"column":21}},{"start":{},"end":{}}],"line":126},"25":{"loc":{"start":{"line":143,"column":4},"end":{"line":147,"column":5}},"type":"if","locations":[{"start":{"line":143,"column":4},"end":{"line":147,"column":5}},{"start":{"line":145,"column":11},"end":{"line":147,"column":5}}],"line":143}},"s":{"0":1,"1":87,"2":70,"3":70,"4":87,"5":71,"6":71,"7":87,"8":31,"9":31,"10":31,"11":31,"12":31,"13":31,"14":31,"15":31,"16":27,"17":27,"18":31,"19":187,"20":305,"21":305,"22":305,"23":305,"24":305,"25":305,"26":305,"27":305,"28":305,"29":305,"30":305,"31":305,"32":305,"33":305,"34":305,"35":354,"36":288,"37":288,"38":288,"39":380,"40":9,"41":9,"42":9,"43":9,"44":9,"45":9,"46":9,"47":9,"48":9,"49":9,"50":9,"51":2,"52":4,"53":4,"54":2,"55":3,"56":3,"57":3,"58":2,"59":2,"60":2,"61":9,"62":9,"63":314,"64":314,"65":314,"66":3256,"67":630,"68":630,"69":314,"70":314,"71":305,"72":305,"73":305,"74":1308,"75":1308,"76":1308,"77":1308,"78":511,"79":511,"80":511,"81":9,"82":9,"83":115,"84":9,"85":9,"86":1,"87":1,"88":0},"f":{"0":1,"1":87,"2":31,"3":187,"4":305,"5":354,"6":288,"7":380,"8":9},"b":{"0":[70,17],"1":[70,60,53],"2":[70,50,50],"3":[71,16],"4":[71,57,52],"5":[71,56,42],"6":[31,0],"7":[31,27,26],"8":[31,30,28],"9":[27,4],"10":[27,26,26],"11":[27,26,26],"12":[305,270],"13":[305,286],"14":[305,281],"15":[305,270],"16":[305,248],"17":[305,255],"18":[305,257],"19":[305,245],"20":[2,4,2,3,2],"21":[9,3],"22":[630,2626],"23":[305,9],"24":[511,797],"25":[1,0]},"_coverageSchema":"1a1c01bbd47fc00a2c39e90264f33305004495a9","hash":"65bdfb923170cfebae075cb20b6288b8357eba30"}
}
