TN:
SF:astar.js
FN:2,(anonymous_0)
FN:9,diagonalSuccessors
FN:21,diagonalSuccessorsFree
FN:37,nothingToDo
FN:41,successors
FN:61,diagonal
FN:65,euclidean
FN:73,manhattan
FN:77,AStar
FNF:9
FNH:9
FNDA:1,(anonymous_0)
FNDA:87,diagonalSuccessors
FNDA:31,diagonalSuccessorsFree
FNDA:187,nothingToDo
FNDA:305,successors
FNDA:354,diagonal
FNDA:288,euclidean
FNDA:380,manhattan
FNDA:9,AStar
DA:2,1
DA:10,87
DA:11,70
DA:12,70
DA:14,87
DA:15,71
DA:16,71
DA:18,87
DA:22,31
DA:23,31
DA:24,31
DA:25,31
DA:26,31
DA:27,31
DA:28,31
DA:30,31
DA:31,27
DA:32,27
DA:34,31
DA:38,187
DA:43,305
DA:44,305
DA:45,305
DA:46,305
DA:47,305
DA:48,305
DA:49,305
DA:50,305
DA:51,305
DA:52,305
DA:54,305
DA:55,305
DA:56,305
DA:57,305
DA:58,305
DA:62,354
DA:67,288
DA:68,288
DA:70,288
DA:74,380
DA:79,9
DA:80,9
DA:81,9
DA:82,9
DA:83,9
DA:84,9
DA:85,9
DA:86,9
DA:87,9
DA:90,9
DA:91,9
DA:93,2
DA:95,4
DA:96,4
DA:98,2
DA:100,3
DA:101,3
DA:102,3
DA:104,2
DA:105,2
DA:106,2
DA:108,9
DA:109,9
DA:110,314
DA:111,314
DA:112,314
DA:113,3256
DA:114,630
DA:115,630
DA:118,314
DA:119,314
DA:120,305
DA:121,305
DA:122,305
DA:123,1308
DA:124,1308
DA:125,1308
DA:126,1308
DA:127,511
DA:128,511
DA:129,511
DA:133,9
DA:134,9
DA:135,115
DA:137,9
DA:140,9
DA:143,1
DA:144,1
DA:146,0
LF:89
LH:88
BRDA:10,0,0,70
BRDA:10,0,1,17
BRDA:11,1,0,70
BRDA:11,1,1,60
BRDA:11,1,2,53
BRDA:12,2,0,70
BRDA:12,2,1,50
BRDA:12,2,2,50
BRDA:14,3,0,71
BRDA:14,3,1,16
BRDA:15,4,0,71
BRDA:15,4,1,57
BRDA:15,4,2,52
BRDA:16,5,0,71
BRDA:16,5,1,56
BRDA:16,5,2,42
BRDA:26,6,0,31
BRDA:26,6,1,0
BRDA:27,7,0,31
BRDA:27,7,1,27
BRDA:27,7,2,26
BRDA:28,8,0,31
BRDA:28,8,1,30
BRDA:28,8,2,28
BRDA:30,9,0,27
BRDA:30,9,1,4
BRDA:31,10,0,27
BRDA:31,10,1,26
BRDA:31,10,2,26
BRDA:32,11,0,27
BRDA:32,11,1,26
BRDA:32,11,2,26
BRDA:47,12,0,305
BRDA:47,12,1,270
BRDA:48,13,0,305
BRDA:48,13,1,286
BRDA:49,14,0,305
BRDA:49,14,1,281
BRDA:50,15,0,305
BRDA:50,15,1,270
BRDA:54,16,0,305
BRDA:54,16,1,248
BRDA:55,17,0,305
BRDA:55,17,1,255
BRDA:56,18,0,305
BRDA:56,18,1,257
BRDA:57,19,0,305
BRDA:57,19,1,245
BRDA:91,20,0,2
BRDA:91,20,1,4
BRDA:91,20,2,2
BRDA:91,20,3,3
BRDA:91,20,4,2
BRDA:108,21,0,9
BRDA:108,21,1,3
BRDA:113,22,0,630
BRDA:113,22,1,2626
BRDA:119,23,0,305
BRDA:119,23,1,9
BRDA:126,24,0,511
BRDA:126,24,1,797
BRDA:143,25,0,1
BRDA:143,25,1,0
BRF:63
BRH:61
end_of_record
